<?xml version="1.0" encoding="UTF-8"?>
<!-- Generated by org.testng.reporters.JUnitReportReporter -->
<testsuite hostname="Nishant" failures="0" tests="1" name="ns.TitleFacebook" time="20.347" errors="0" timestamp="2023-03-30T17:24:46 IST" skipped="0">
  <testcase classname="ns.TitleFacebook" name="fac" time="20.347"/>
  <system-out/>
</testsuite> <!-- ns.TitleFacebook -->
