<?xml version="1.0" encoding="UTF-8"?>
<!-- Generated by org.testng.reporters.JUnitReportReporter -->
<testsuite hostname="Nishant" failures="0" tests="1" name="ns.RegisterPageTest" time="32.752" errors="0" timestamp="2023-03-30T16:06:48 IST" skipped="0">
  <testcase classname="ns.RegisterPageTest" name="validateRegisterPageLabel" time="32.752"/>
  <system-out/>
</testsuite> <!-- ns.RegisterPageTest -->
